ReferenceError: clan is not defined
    at CardRecap [90m(/Users/augustinhiebel/PhpstormProjects/css-framework/[39m.next/server/chunks/77354.js:38:19[90m)[39m
    at Wc [90m(/Users/augustinhiebel/PhpstormProjects/css-framework/[39mnode_modules/[4mreact-dom[24m/cjs/react-dom-server.browser.production.min.js:68:44[90m)[39m
    at Zc [90m(/Users/augustinhiebel/PhpstormProjects/css-framework/[39mnode_modules/[4mreact-dom[24m/cjs/react-dom-server.browser.production.min.js:70:253[90m)[39m
    at Z [90m(/Users/augustinhiebel/PhpstormProjects/css-framework/[39mnode_modules/[4mreact-dom[24m/cjs/react-dom-server.browser.production.min.js:76:89[90m)[39m
    at $c [90m(/Users/augustinhiebel/PhpstormProjects/css-framework/[39mnode_modules/[4mreact-dom[24m/cjs/react-dom-server.browser.production.min.js:78:98[90m)[39m
    at bd [90m(/Users/augustinhiebel/PhpstormProjects/css-framework/[39mnode_modules/[4mreact-dom[24m/cjs/react-dom-server.browser.production.min.js:77:404[90m)[39m
    at Z [90m(/Users/augustinhiebel/PhpstormProjects/css-framework/[39mnode_modules/[4mreact-dom[24m/cjs/react-dom-server.browser.production.min.js:76:217[90m)[39m
    at Zc [90m(/Users/augustinhiebel/PhpstormProjects/css-framework/[39mnode_modules/[4mreact-dom[24m/cjs/react-dom-server.browser.production.min.js:71:479[90m)[39m
    at Z [90m(/Users/augustinhiebel/PhpstormProjects/css-framework/[39mnode_modules/[4mreact-dom[24m/cjs/react-dom-server.browser.production.min.js:76:89[90m)[39m
    at Zc [90m(/Users/augustinhiebel/PhpstormProjects/css-framework/[39mnode_modules/[4mreact-dom[24m/cjs/react-dom-server.browser.production.min.js:70:481[90m)[39m

Error occurred prerendering page "/stryda/components/CardRecap". Read more: https://nextjs.org/docs/messages/prerender-error
ReferenceError: clan is not defined
    at CardRecap (/Users/augustinhiebel/PhpstormProjects/css-framework/.next/server/chunks/77354.js:38:19)
    at Wc (/Users/augustinhiebel/PhpstormProjects/css-framework/node_modules/react-dom/cjs/react-dom-server.browser.production.min.js:68:44)
    at Zc (/Users/augustinhiebel/PhpstormProjects/css-framework/node_modules/react-dom/cjs/react-dom-server.browser.production.min.js:70:253)
    at Z (/Users/augustinhiebel/PhpstormProjects/css-framework/node_modules/react-dom/cjs/react-dom-server.browser.production.min.js:76:89)
    at $c (/Users/augustinhiebel/PhpstormProjects/css-framework/node_modules/react-dom/cjs/react-dom-server.browser.production.min.js:78:98)
    at bd (/Users/augustinhiebel/PhpstormProjects/css-framework/node_modules/react-dom/cjs/react-dom-server.browser.production.min.js:77:404)
    at Z (/Users/augustinhiebel/PhpstormProjects/css-framework/node_modules/react-dom/cjs/react-dom-server.browser.production.min.js:76:217)
    at Zc (/Users/augustinhiebel/PhpstormProjects/css-framework/node_modules/react-dom/cjs/react-dom-server.browser.production.min.js:71:479)
    at Z (/Users/augustinhiebel/PhpstormProjects/css-framework/node_modules/react-dom/cjs/react-dom-server.browser.production.min.js:76:89)
    at Zc (/Users/augustinhiebel/PhpstormProjects/css-framework/node_modules/react-dom/cjs/react-dom-server.browser.production.min.js:70:481)

> Build error occurred
Error: Export encountered errors on following paths:
	/stryda/components/CardRecap
    at /Users/augustinhiebel/PhpstormProjects/css-framework/node_modules/next/dist/export/index.js:404:19
    at process.processTicksAndRejections (node:internal/process/task_queues:95:5)
    at async Span.traceAsyncFn (/Users/augustinhiebel/PhpstormProjects/css-framework/node_modules/next/dist/trace/trace.js:79:20)
    at async /Users/augustinhiebel/PhpstormProjects/css-framework/node_modules/next/dist/build/index.js:1230:21
    at async Span.traceAsyncFn (/Users/augustinhiebel/PhpstormProjects/css-framework/node_modules/next/dist/trace/trace.js:79:20)
    at async /Users/augustinhiebel/PhpstormProjects/css-framework/node_modules/next/dist/build/index.js:1092:17
    at async Span.traceAsyncFn (/Users/augustinhiebel/PhpstormProjects/css-framework/node_modules/next/dist/trace/trace.js:79:20)
    at async Object.build [as default] (/Users/augustinhiebel/PhpstormProjects/css-framework/node_modules/next/dist/build/index.js:65:29)
[?25h